<?xml version="1.0" encoding="UTF-8"?>
<testsuite xmlns:xsi="http://www.w3.org/2001/XMLSchema-instance" xsi:schemaLocation="https://maven.apache.org/surefire/maven-surefire-plugin/xsd/surefire-test-report.xsd" name="techUplabs.Runner.TestRunner" time="31.17" tests="36" errors="0" skipped="0" failures="0">
  <properties>
    <property name="java.runtime.name" value="Java(TM) SE Runtime Environment"/>
    <property name="sun.boot.library.path" value="C:\Program Files\Java\jdk1.8.0_351\jre\bin"/>
    <property name="java.vm.version" value="25.351-b10"/>
    <property name="java.vm.vendor" value="Oracle Corporation"/>
    <property name="maven.multiModuleProjectDirectory" value="C:\Users\VC\IdeaProjects\testAutomation"/>
    <property name="java.vendor.url" value="http://java.oracle.com/"/>
    <property name="path.separator" value=";"/>
    <property name="guice.disable.misplaced.annotation.check" value="true"/>
    <property name="java.vm.name" value="Java HotSpot(TM) 64-Bit Server VM"/>
    <property name="file.encoding.pkg" value="sun.io"/>
    <property name="user.script" value=""/>
    <property name="user.country" value="US"/>
    <property name="sun.java.launcher" value="SUN_STANDARD"/>
    <property name="sun.os.patch.level" value=""/>
    <property name="test" value="techUplabs.Runner.TestRunner"/>
    <property name="java.vm.specification.name" value="Java Virtual Machine Specification"/>
    <property name="user.dir" value="C:\Users\VC\IdeaProjects\testAutomation"/>
    <property name="java.runtime.version" value="1.8.0_351-b10"/>
    <property name="java.awt.graphicsenv" value="sun.awt.Win32GraphicsEnvironment"/>
    <property name="java.endorsed.dirs" value="C:\Program Files\Java\jdk1.8.0_351\jre\lib\endorsed"/>
    <property name="os.arch" value="amd64"/>
    <property name="java.io.tmpdir" value="C:\Users\VC\AppData\Local\Temp\"/>
    <property name="line.separator" value="&#10;"/>
    <property name="java.vm.specification.vendor" value="Oracle Corporation"/>
    <property name="user.variant" value=""/>
    <property name="os.name" value="Windows 10"/>
    <property name="classworlds.conf" value="C:\Softwares\apache-maven-3.8.6\bin\m2.conf"/>
    <property name="sun.jnu.encoding" value="Cp1252"/>
    <property name="java.library.path" value="C:\Program Files\Java\jdk1.8.0_351\bin;C:\Windows\Sun\Java\bin;C:\Windows\system32;C:\Windows;C:\Program Files (x86)\Common Files\Oracle\Java\javapath;C:\Windows\system32;C:\Windows;C:\Windows\System32\Wbem;C:\Windows\System32\WindowsPowerShell\v1.0\;C:\Windows\System32\OpenSSH\;C:\Softwares\apache-maven-3.8.6\bin;C:\Program Files\Git\cmd;C:\Program Files\Java\jdk1.8.0_351\bin;;."/>
    <property name="maven.conf" value="C:\Softwares\apache-maven-3.8.6/conf"/>
    <property name="java.specification.name" value="Java Platform API Specification"/>
    <property name="java.class.version" value="52.0"/>
    <property name="sun.management.compiler" value="HotSpot 64-Bit Tiered Compilers"/>
    <property name="os.version" value="10.0"/>
    <property name="library.jansi.path" value="C:\Softwares\apache-maven-3.8.6\lib\jansi-native"/>
    <property name="user.home" value="C:\Users\VC"/>
    <property name="user.timezone" value="America/Los_Angeles"/>
    <property name="java.awt.printerjob" value="sun.awt.windows.WPrinterJob"/>
    <property name="java.specification.version" value="1.8"/>
    <property name="file.encoding" value="Cp1252"/>
    <property name="user.name" value="VC"/>
    <property name="java.class.path" value="C:\Softwares\apache-maven-3.8.6\boot\plexus-classworlds-2.6.0.jar"/>
    <property name="java.vm.specification.version" value="1.8"/>
    <property name="sun.arch.data.model" value="64"/>
    <property name="java.home" value="C:\Program Files\Java\jdk1.8.0_351\jre"/>
    <property name="sun.java.command" value="org.codehaus.plexus.classworlds.launcher.Launcher test -Dtest=techUplabs.Runner.TestRunner"/>
    <property name="java.specification.vendor" value="Oracle Corporation"/>
    <property name="user.language" value="en"/>
    <property name="awt.toolkit" value="sun.awt.windows.WToolkit"/>
    <property name="java.vm.info" value="mixed mode"/>
    <property name="java.version" value="1.8.0_351"/>
    <property name="java.ext.dirs" value="C:\Program Files\Java\jdk1.8.0_351\jre\lib\ext;C:\Windows\Sun\Java\lib\ext"/>
    <property name="sun.boot.class.path" value="C:\Program Files\Java\jdk1.8.0_351\jre\lib\resources.jar;C:\Program Files\Java\jdk1.8.0_351\jre\lib\rt.jar;C:\Program Files\Java\jdk1.8.0_351\jre\lib\jsse.jar;C:\Program Files\Java\jdk1.8.0_351\jre\lib\jce.jar;C:\Program Files\Java\jdk1.8.0_351\jre\lib\charsets.jar;C:\Program Files\Java\jdk1.8.0_351\jre\lib\jfr.jar;C:\Program Files\Java\jdk1.8.0_351\jre\classes"/>
    <property name="sun.stderr.encoding" value="cp437"/>
    <property name="java.vendor" value="Oracle Corporation"/>
    <property name="java.specification.maintenance.version" value="4"/>
    <property name="maven.home" value="C:\Softwares\apache-maven-3.8.6"/>
    <property name="file.separator" value="\"/>
    <property name="java.vendor.url.bug" value="http://bugreport.sun.com/bugreport/"/>
    <property name="sun.cpu.endian" value="little"/>
    <property name="sun.io.unicode.encoding" value="UnicodeLittle"/>
    <property name="sun.stdout.encoding" value="cp437"/>
    <property name="sun.desktop" value="windows"/>
    <property name="sun.cpu.isalist" value="amd64"/>
  </properties>
  <testcase name="When Read JSON file from resources and Map JSON to POJO objects" classname="Scenario: To parse the json file and validate response" time="0.003"/>
  <testcase name="Then Parse the response fields" classname="Scenario: To parse the json file and validate response" time="0"/>
  <testcase name="Scenario: To parse the json file and validate response" classname="Scenario: To parse the json file and validate response" time="0.001"/>
  <testcase name="Given Read excel file sheet &quot;testData&quot; and display table with column 5" classname="Scenario: To read the excel file and display the values" time="0"/>
  <testcase name="Scenario: To read the excel file and display the values" classname="Scenario: To read the excel file and display the values" time="0"/>
  <testcase name="Given Configure RestAssured" classname="Scenario: To hit weatherApp API using q and appId and validate response" time="0"/>
  <testcase name="Given Query params are q &quot;London&quot; and appId &quot;b1b15e88fa797225412429c1c50c122a1&quot;" classname="Scenario: To hit weatherApp API using q and appId and validate response" time="0"/>
  <testcase name="When GET WeatherApp API call is made and assert statusCode 200" classname="Scenario: To hit weatherApp API using q and appId and validate response" time="0"/>
  <testcase name="Then Validate the response lat &quot;51.51&quot;, lon &quot;-0.13&quot;, description &quot;light intensity drizzle&quot;, pressure &quot;1012&quot;, country &quot;GB&quot; and name &quot;London&quot;" classname="Scenario: To hit weatherApp API using q and appId and validate response" time="0"/>
  <testcase name="Scenario: To hit weatherApp API using q and appId and validate response" classname="Scenario: To hit weatherApp API using q and appId and validate response" time="0"/>
  <testcase name="Given Configure RestAssured" classname="Scenario: To hit weatherApp API using multiple q and appId and validate response" time="0.001"/>
  <testcase name="Given Configure RestAssured" classname="Scenario: To hit weatherApp API using multiple q and appId and validate response" time="0"/>
  <testcase name="Given Configure RestAssured" classname="Scenario: To hit weatherApp API using multiple q and appId and validate response" time="0"/>
  <testcase name="Given Configure RestAssured" classname="Scenario: To hit weatherApp API using multiple q and appId and validate response" time="0.001"/>
  <testcase name="Given Query params are q &quot;London&quot;, q &quot;uk&quot; and appId &quot;b1b15e88fa797225412429c1c50c122a1&quot;" classname="Scenario: To hit weatherApp API using multiple q and appId and validate response" time="0"/>
  <testcase name="When GET WeatherApp API call is made and assert statusCode 200" classname="Scenario: To hit weatherApp API using multiple q and appId and validate response" time="0.001"/>
  <testcase name="When GET WeatherApp API call is made and assert statusCode 200" classname="Scenario: To hit weatherApp API using multiple q and appId and validate response" time="0"/>
  <testcase name="When GET WeatherApp API call is made and assert statusCode 200" classname="Scenario: To hit weatherApp API using multiple q and appId and validate response" time="0"/>
  <testcase name="Then Validate the response lat &quot;51.51&quot;, lon &quot;-0.13&quot;, description &quot;light intensity drizzle&quot;, pressure &quot;1012&quot;, country &quot;GB&quot; and name &quot;London&quot;" classname="Scenario: To hit weatherApp API using multiple q and appId and validate response" time="0.001"/>
  <testcase name="Scenario: To hit weatherApp API using multiple q and appId and validate response" classname="Scenario: To hit weatherApp API using multiple q and appId and validate response" time="0.002"/>
  <testcase name="Scenario: To hit weatherApp API using multiple q and appId and validate response" classname="Scenario: To hit weatherApp API using multiple q and appId and validate response" time="0.001"/>
  <testcase name="Scenario: To hit weatherApp API using multiple q and appId and validate response" classname="Scenario: To hit weatherApp API using multiple q and appId and validate response" time="0.001"/>
  <testcase name="Scenario: To hit weatherApp API using multiple q and appId and validate response" classname="Scenario: To hit weatherApp API using multiple q and appId and validate response" time="0.002"/>
  <testcase name="Given Query params are id 2172797 and appId &quot;b1b15e88fa797225412429c1c50c122a1&quot;" classname="Scenario: To hit weatherApp API using multiple q and appId and validate response" time="0.001"/>
  <testcase name="Then Validate the response lat &quot;-16.92&quot;, lon &quot;145.77&quot;, description &quot;scattered clouds&quot;, pressure &quot;1007&quot;, country &quot;AU&quot; and name &quot;Cairns&quot;" classname="Scenario: To hit weatherApp API using multiple q and appId and validate response" time="0"/>
  <testcase name="Given Query params are lat 35, lon 139 and appId &quot;b1b15e88fa797225412429c1c50c122a1&quot;" classname="Scenario: To hit weatherApp API using multiple q and appId and validate response" time="0"/>
  <testcase name="Then Validate the response lat &quot;35.02&quot;, lon &quot;139.01&quot;, description &quot;clear sky&quot;, pressure &quot;1013.75&quot;, country &quot;JP&quot; and name &quot;Tawarano&quot;" classname="Scenario: To hit weatherApp API using multiple q and appId and validate response" time="0"/>
  <testcase name="Given Query params are zip &quot;94040&quot;, zip &quot;us&quot; and app" classname="Scenario: To hit weatherApp API using multiple q and appId and validate response" time="0"/>
  <testcase name="When GET WeatherApp API call is made and assert error statusCode 200" classname="Scenario: To hit weatherApp API using multiple q and appId and validate response" time="0"/>
  <testcase name="Then Validate the error response cod 401 and message &quot;Invalid API key. Please see http://openweathermap.org/faq#error401 for more info.&quot;" classname="Scenario: To hit weatherApp API using multiple q and appId and validate response" time="0.001"/>
  <testcase name="Given Configure WebDriver instance" classname="Scenario: To convert amount from USD to INR and validate the result" time="0.003"/>
  <testcase name="Given User navigates to xe website" classname="Scenario: To convert amount from USD to INR and validate the result" time="0"/>
  <testcase name="And Enter amount 5 from &quot;US Dollar&quot; and To &quot;Indian Rupee&quot;" classname="Scenario: To convert amount from USD to INR and validate the result" time="0"/>
  <testcase name="And Clicks on convert button" classname="Scenario: To convert amount from USD to INR and validate the result" time="0"/>
  <testcase name="Then Converted value should be &quot;413&quot;" classname="Scenario: To convert amount from USD to INR and validate the result" time="0"/>
  <testcase name="Scenario: To convert amount from USD to INR and validate the result" classname="Scenario: To convert amount from USD to INR and validate the result" time="0"/>
</testsuite>